<?xml version="1.0" encoding="UTF-8"?>
<testng-results ignored="0" total="1" passed="1" failed="0" skipped="0">
  <reporter-output>
  </reporter-output>
  <suite started-at="2022-11-18T21:59:43 CET" name="TestJson" finished-at="2022-11-18T21:59:43 CET" duration-ms="148">
    <groups>
    </groups>
    <test started-at="2022-11-18T21:59:43 CET" name="Command line test" finished-at="2022-11-18T21:59:43 CET" duration-ms="148">
      <class name="TestJson">
        <test-method signature="testJson()[pri:0, instance:TestJson@4d826d77]" started-at="2022-11-18T21:59:43 CET" name="testJson" finished-at="2022-11-18T21:59:43 CET" duration-ms="78" status="PASS">
          <reporter-output>
          </reporter-output>
        </test-method> <!-- testJson -->
      </class> <!-- TestJson -->
    </test> <!-- Command line test -->
  </suite> <!-- TestJson -->
</testng-results>
